<?xml version="1.0" encoding="UTF-8"?>
<!-- Generated by org.testng.reporters.JUnitXMLReporter -->
<testsuite hostname="DESKTOP-MSQGFI6" ignored="0" name="Customerlistener" tests="3" failures="3" timestamp="2020-02-08T19:49:06 IST" time="25.411" errors="0">
  <testcase name="Homepage" time="0.007" classname="TestListenersSample.TestListenersSample.ScreenShotSample">
    <failure type="java.lang.AssertionError" message="expected [true] but found [false]">
      <![CDATA[java.lang.AssertionError: expected [true] but found [false]
at TestListenersSample.TestListenersSample.ScreenShotSample.Homepage(ScreenShotSample.java:25)
at java.util.ArrayList.forEach(Unknown Source)
... Removed 32 stack frames]]>
    </failure>
  </testcase> <!-- Homepage -->
  <testcase name="LoginPage" time="0.001" classname="TestListenersSample.TestListenersSample.ScreenShotSample">
    <failure type="java.lang.AssertionError" message="expected [true] but found [false]">
      <![CDATA[java.lang.AssertionError: expected [true] but found [false]
at TestListenersSample.TestListenersSample.ScreenShotSample.LoginPage(ScreenShotSample.java:21)
at java.util.ArrayList.forEach(Unknown Source)
... Removed 32 stack frames]]>
    </failure>
  </testcase> <!-- LoginPage -->
  <testcase name="SearchPage" time="0.002" classname="TestListenersSample.TestListenersSample.ScreenShotSample">
    <failure type="java.lang.AssertionError" message="expected [true] but found [false]">
      <![CDATA[java.lang.AssertionError: expected [true] but found [false]
at TestListenersSample.TestListenersSample.ScreenShotSample.SearchPage(ScreenShotSample.java:29)
at java.util.ArrayList.forEach(Unknown Source)
... Removed 32 stack frames]]>
    </failure>
  </testcase> <!-- SearchPage -->
</testsuite> <!-- Customerlistener -->
