<?xml version="1.0" encoding="UTF-8"?>
<!-- Generated by org.testng.reporters.JUnitXMLReporter -->
<testsuite hostname="DESKTOP-MSQGFI6" ignored="0" name="Customerlistener" tests="3" failures="3" timestamp="08 Feb 2020 14:53:58 GMT" time="23.894" errors="0">
  <testcase name="Homepage" time="0.003" classname="TestListenersSample.TestListenersSample.ScreenShotSample">
    <failure type="java.lang.AssertionError" message="expected [true] but found [false]">
      <![CDATA[java.lang.AssertionError: expected [true] but found [false]
at TestListenersSample.TestListenersSample.ScreenShotSample.Homepage(ScreenShotSample.java:25)
... Removed 35 stack frames]]>
    </failure>
  </testcase> <!-- Homepage -->
  <testcase name="LoginPage" time="0.001" classname="TestListenersSample.TestListenersSample.ScreenShotSample">
    <failure type="java.lang.AssertionError" message="expected [true] but found [false]">
      <![CDATA[java.lang.AssertionError: expected [true] but found [false]
at TestListenersSample.TestListenersSample.ScreenShotSample.LoginPage(ScreenShotSample.java:21)
... Removed 35 stack frames]]>
    </failure>
  </testcase> <!-- LoginPage -->
  <testcase name="SearchPage" time="0.0" classname="TestListenersSample.TestListenersSample.ScreenShotSample">
    <failure type="java.lang.AssertionError" message="expected [true] but found [false]">
      <![CDATA[java.lang.AssertionError: expected [true] but found [false]
at TestListenersSample.TestListenersSample.ScreenShotSample.SearchPage(ScreenShotSample.java:29)
... Removed 35 stack frames]]>
    </failure>
  </testcase> <!-- SearchPage -->
</testsuite> <!-- Customerlistener -->
